<?xml version="1.0" encoding="UTF-8"?>
<testng-results skipped="0" failed="0" ignored="0" total="2" passed="2">
  <reporter-output>
  </reporter-output>
  <suite name="Virtue_Mart_Regression" duration-ms="84448" started-at="2017-11-23T09:36:45Z" finished-at="2017-11-23T09:38:09Z">
    <groups>
    </groups>
    <test name="Add_New_Product" duration-ms="52318" started-at="2017-11-23T09:36:45Z" finished-at="2017-11-23T09:37:37Z">
      <class name="TestNG_Test_Cases.VIrtue_Mart_Search_Product">
        <test-method status="PASS" signature="startUP(java.lang.String)[pri:0, instance:TestNG_Test_Cases.VIrtue_Mart_Search_Product@5c3bd550]" name="startUP" is-config="true" duration-ms="24964" started-at="2017-11-23T15:06:45Z" finished-at="2017-11-23T15:07:10Z">
          <params>
            <param index="0">
              <value>
                <![CDATA[firefox]]>
              </value>
            </param>
          </params>
          <reporter-output>
          </reporter-output>
        </test-method> <!-- startUP -->
        <test-method status="PASS" signature="New_Product_Information()[pri:1, instance:TestNG_Test_Cases.VIrtue_Mart_Search_Product@5c3bd550]" name="New_Product_Information" duration-ms="26004" started-at="2017-11-23T15:07:10Z" finished-at="2017-11-23T15:07:36Z">
          <reporter-output>
          </reporter-output>
        </test-method> <!-- New_Product_Information -->
        <test-method status="PASS" signature="selectAndAddProductIntoCart()[pri:0, instance:TestNG_Test_Cases.VIrtue_Mart_Search_Product@5c3bd550]" name="selectAndAddProductIntoCart" is-config="true" duration-ms="1317" started-at="2017-11-23T15:07:36Z" finished-at="2017-11-23T15:07:37Z">
          <reporter-output>
          </reporter-output>
        </test-method> <!-- selectAndAddProductIntoCart -->
      </class> <!-- TestNG_Test_Cases.VIrtue_Mart_Search_Product -->
    </test> <!-- Add_New_Product -->
    <test name="Add_New_Product_Category" duration-ms="32088" started-at="2017-11-23T09:37:37Z" finished-at="2017-11-23T09:38:09Z">
      <class name="TestNG_Test_Cases.AddNewProductCategory">
        <test-method status="PASS" signature="startUP(java.lang.String)[pri:0, instance:TestNG_Test_Cases.AddNewProductCategory@31ef45e3]" name="startUP" is-config="true" duration-ms="27502" started-at="2017-11-23T15:07:37Z" finished-at="2017-11-23T15:08:05Z">
          <params>
            <param index="0">
              <value>
                <![CDATA[chrome]]>
              </value>
            </param>
          </params>
          <reporter-output>
          </reporter-output>
        </test-method> <!-- startUP -->
        <test-method status="PASS" signature="add_New_Product_Category()[pri:0, instance:TestNG_Test_Cases.AddNewProductCategory@31ef45e3]" name="add_New_Product_Category" duration-ms="3383" started-at="2017-11-23T15:08:05Z" finished-at="2017-11-23T15:08:08Z">
          <reporter-output>
          </reporter-output>
        </test-method> <!-- add_New_Product_Category -->
        <test-method status="PASS" signature="selectAndAddProductIntoCart()[pri:0, instance:TestNG_Test_Cases.AddNewProductCategory@31ef45e3]" name="selectAndAddProductIntoCart" is-config="true" duration-ms="1200" started-at="2017-11-23T15:08:08Z" finished-at="2017-11-23T15:08:09Z">
          <reporter-output>
          </reporter-output>
        </test-method> <!-- selectAndAddProductIntoCart -->
      </class> <!-- TestNG_Test_Cases.AddNewProductCategory -->
    </test> <!-- Add_New_Product_Category -->
  </suite> <!-- Virtue_Mart_Regression -->
</testng-results>
