<?xml version="1.0" encoding="UTF-8"?>
<testng-results skipped="0" failed="0" ignored="0" total="2" passed="2">
  <reporter-output>
  </reporter-output>
  <suite name="Virtue_Mart_Regression" duration-ms="87455" started-at="2017-11-30T07:14:35Z" finished-at="2017-11-30T07:16:02Z">
    <groups>
    </groups>
    <test name="Add_New_Product" duration-ms="51622" started-at="2017-11-30T07:14:35Z" finished-at="2017-11-30T07:15:26Z">
      <class name="TestNG_Test_Cases.VIrtue_Mart_Search_Product">
        <test-method status="PASS" signature="startUP(java.lang.String)[pri:0, instance:TestNG_Test_Cases.VIrtue_Mart_Search_Product@604ed9f0]" name="startUP" is-config="true" duration-ms="24804" started-at="2017-11-30T12:44:35Z" finished-at="2017-11-30T12:44:59Z">
          <params>
            <param index="0">
              <value>
                <![CDATA[firefox]]>
              </value>
            </param>
          </params>
          <reporter-output>
          </reporter-output>
        </test-method> <!-- startUP -->
        <test-method status="PASS" signature="New_Product_Information()[pri:1, instance:TestNG_Test_Cases.VIrtue_Mart_Search_Product@604ed9f0]" name="New_Product_Information" duration-ms="25908" started-at="2017-11-30T12:44:59Z" finished-at="2017-11-30T12:45:25Z">
          <reporter-output>
          </reporter-output>
        </test-method> <!-- New_Product_Information -->
        <test-method status="PASS" signature="selectAndAddProductIntoCart()[pri:0, instance:TestNG_Test_Cases.VIrtue_Mart_Search_Product@604ed9f0]" name="selectAndAddProductIntoCart" is-config="true" duration-ms="882" started-at="2017-11-30T12:45:25Z" finished-at="2017-11-30T12:45:26Z">
          <reporter-output>
          </reporter-output>
        </test-method> <!-- selectAndAddProductIntoCart -->
      </class> <!-- TestNG_Test_Cases.VIrtue_Mart_Search_Product -->
    </test> <!-- Add_New_Product -->
    <test name="Add_New_Product_Category" duration-ms="35809" started-at="2017-11-30T07:15:26Z" finished-at="2017-11-30T07:16:02Z">
      <class name="TestNG_Test_Cases.AddNewProductCategory">
        <test-method status="PASS" signature="startUP(java.lang.String)[pri:0, instance:TestNG_Test_Cases.AddNewProductCategory@3c0ecd4b]" name="startUP" is-config="true" duration-ms="25679" started-at="2017-11-30T12:45:26Z" finished-at="2017-11-30T12:45:52Z">
          <params>
            <param index="0">
              <value>
                <![CDATA[chrome]]>
              </value>
            </param>
          </params>
          <reporter-output>
          </reporter-output>
        </test-method> <!-- startUP -->
        <test-method status="PASS" signature="add_New_Product_Category()[pri:0, instance:TestNG_Test_Cases.AddNewProductCategory@3c0ecd4b]" name="add_New_Product_Category" duration-ms="8981" started-at="2017-11-30T12:45:52Z" finished-at="2017-11-30T12:46:01Z">
          <reporter-output>
          </reporter-output>
        </test-method> <!-- add_New_Product_Category -->
        <test-method status="PASS" signature="selectAndAddProductIntoCart()[pri:0, instance:TestNG_Test_Cases.AddNewProductCategory@3c0ecd4b]" name="selectAndAddProductIntoCart" is-config="true" duration-ms="1147" started-at="2017-11-30T12:46:01Z" finished-at="2017-11-30T12:46:02Z">
          <reporter-output>
          </reporter-output>
        </test-method> <!-- selectAndAddProductIntoCart -->
      </class> <!-- TestNG_Test_Cases.AddNewProductCategory -->
    </test> <!-- Add_New_Product_Category -->
  </suite> <!-- Virtue_Mart_Regression -->
</testng-results>
