<?xml version="1.0" encoding="UTF-8"?>
<!-- Generated by org.testng.reporters.JUnitXMLReporter -->
<testsuite hostname="360NDCLP103" ignored="0" name="Checkout_Selected_Prodcut" tests="3" failures="0" timestamp="17 Nov 2017 09:35:50 GMT" time="99.405" errors="0">
  <testcase name="login_Virtue_Mart" time="3.546" classname="TestNG_Test_Cases.VIrtue_Mart_Search_Product"/>
  <testcase name="selectProductCategoryAndAddNewProduct" time="30.837" classname="TestNG_Test_Cases.VIrtue_Mart_Search_Product"/>
  <testcase name="New_Product_Information" time="43.873" classname="TestNG_Test_Cases.VIrtue_Mart_Search_Product"/>
</testsuite> <!-- Checkout_Selected_Prodcut -->
